<?xml version="1.0" encoding="UTF-8"?>
<testng-results ignored="0" total="2" passed="2" failed="0" skipped="0">
  <reporter-output>
  </reporter-output>
  <suite started-at="2021-11-09T17:21:46 EST" name="All Test Suite" finished-at="2021-11-09T17:21:48 EST" duration-ms="2898">
    <groups>
      <group name="cucumber">
        <method signature="AbstractTestNGCucumberTests.runScenario(io.cucumber.testng.PickleWrapper, io.cucumber.testng.FeatureWrapper)[pri:0, instance:QA.cucumber_runner@c88a337]" name="runScenario" class="io.cucumber.testng.AbstractTestNGCucumberTests"/>
      </group> <!-- cucumber -->
    </groups>
    <test started-at="2021-11-09T17:21:46 EST" name="cucumber test" finished-at="2021-11-09T17:21:48 EST" duration-ms="2898">
      <class name="QA.cucumber_runner">
        <test-method is-config="true" signature="setUpClass()[pri:0, instance:QA.cucumber_runner@c88a337]" started-at="2021-11-09T17:21:46 EST" name="setUpClass" finished-at="2021-11-09T17:21:46 EST" duration-ms="307" status="PASS">
          <reporter-output>
          </reporter-output>
        </test-method> <!-- setUpClass -->
        <test-method signature="runScenario(io.cucumber.testng.PickleWrapper, io.cucumber.testng.FeatureWrapper)[pri:0, instance:QA.cucumber_runner@c88a337]" started-at="2021-11-09T17:21:46 EST" name="runScenario" description="Runs Cucumber Scenarios" data-provider="scenarios" finished-at="2021-11-09T17:21:46 EST" duration-ms="107" status="PASS">
          <params>
            <param index="0">
              <value>
                <![CDATA["User able to Log in Facebook"]]>
              </value>
            </param>
            <param index="1">
              <value>
                <![CDATA["Optional[User is able to perform Expoense functionality]"]]>
              </value>
            </param>
          </params>
          <reporter-output>
          </reporter-output>
        </test-method> <!-- runScenario -->
        <test-method signature="openBrowser()[pri:0, instance:QA.cucumber_runner@c88a337]" started-at="2021-11-09T17:21:46 EST" name="openBrowser" finished-at="2021-11-09T17:21:47 EST" duration-ms="1440" status="PASS">
          <reporter-output>
          </reporter-output>
        </test-method> <!-- openBrowser -->
        <test-method is-config="true" signature="tearDownClass()[pri:0, instance:QA.cucumber_runner@c88a337]" started-at="2021-11-09T17:21:47 EST" name="tearDownClass" finished-at="2021-11-09T17:21:48 EST" duration-ms="1023" status="PASS">
          <reporter-output>
          </reporter-output>
        </test-method> <!-- tearDownClass -->
      </class> <!-- QA.cucumber_runner -->
    </test> <!-- cucumber test -->
  </suite> <!-- All Test Suite -->
</testng-results>
